<?xml version="1.0" encoding="UTF-8"?>
<coverage generated="1787793221552" clover="3.2.0">
  <project timestamp="1787793221552" name="All files">
    <metrics statements="147" coveredstatements="116" conditionals="26" coveredconditionals="13" methods="21" coveredmethods="10" elements="194" coveredelements="139" complexity="0" loc="147" ncloc="147" packages="7" files="13" classes="13"/>
    <package name="generated.prisma">
      <metrics statements="24" coveredstatements="24" conditionals="0" coveredconditionals="0" methods="0" coveredmethods="0"/>
      <file name="client.ts" path="/Users/eman2028/Documents/PROJECTS/personalprojects/Jtracker/backend/generated/prisma/client.ts">
        <metrics statements="14" coveredstatements="14" conditionals="0" coveredconditionals="0" methods="0" coveredmethods="0"/>
        <line num="14" count="1" type="stmt"/>
        <line num="35" count="1" type="stmt"/>
        <line num="41" count="1" type="stmt"/>
        <line num="42" count="1" type="stmt"/>
        <line num="91" count="1" type="stmt"/>
        <line num="94" count="1" type="stmt"/>
        <line num="97" count="1" type="stmt"/>
        <line num="100" count="1" type="stmt"/>
        <line num="103" count="1" type="stmt"/>
        <line num="106" count="1" type="stmt"/>
        <line num="109" count="1" type="stmt"/>
        <line num="112" count="1" type="stmt"/>
        <line num="115" count="1" type="stmt"/>
        <line num="118" count="1" type="stmt"/>
      </file>
      <file name="enums.ts" path="/Users/eman2028/Documents/PROJECTS/personalprojects/Jtracker/backend/generated/prisma/enums.ts">
        <metrics statements="10" coveredstatements="10" conditionals="0" coveredconditionals="0" methods="0" coveredmethods="0"/>
        <line num="10" count="1" type="stmt"/>
        <line num="23" count="1" type="stmt"/>
        <line num="32" count="1" type="stmt"/>
        <line num="40" count="1" type="stmt"/>
        <line num="50" count="1" type="stmt"/>
        <line num="60" count="1" type="stmt"/>
        <line num="72" count="1" type="stmt"/>
        <line num="86" count="1" type="stmt"/>
        <line num="95" count="1" type="stmt"/>
        <line num="105" count="1" type="stmt"/>
      </file>
    </package>
    <package name="generated.prisma.internal">
      <metrics statements="41" coveredstatements="41" conditionals="0" coveredconditionals="0" methods="1" coveredmethods="1"/>
      <file name="class.ts" path="/Users/eman2028/Documents/PROJECTS/personalprojects/Jtracker/backend/generated/prisma/internal/class.ts">
        <metrics statements="6" coveredstatements="6" conditionals="0" coveredconditionals="0" methods="1" coveredmethods="1"/>
        <line num="17" count="1" type="stmt"/>
        <line num="68" count="1" type="stmt"/>
        <line num="69" count="1" type="stmt"/>
        <line num="70" count="1" type="stmt"/>
        <line num="301" count="1" type="stmt"/>
        <line num="302" count="1" type="stmt"/>
      </file>
      <file name="prismaNamespace.ts" path="/Users/eman2028/Documents/PROJECTS/personalprojects/Jtracker/backend/generated/prisma/internal/prismaNamespace.ts">
        <metrics statements="35" coveredstatements="35" conditionals="0" coveredconditionals="0" methods="0" coveredmethods="0"/>
        <line num="30" count="1" type="stmt"/>
        <line num="36" count="1" type="stmt"/>
        <line num="39" count="1" type="stmt"/>
        <line num="42" count="1" type="stmt"/>
        <line num="45" count="1" type="stmt"/>
        <line num="48" count="1" type="stmt"/>
        <line num="54" count="1" type="stmt"/>
        <line num="55" count="1" type="stmt"/>
        <line num="56" count="1" type="stmt"/>
        <line num="57" count="1" type="stmt"/>
        <line num="58" count="1" type="stmt"/>
        <line num="66" count="1" type="stmt"/>
        <line num="83" count="1" type="stmt"/>
        <line num="98" count="1" type="stmt"/>
        <line num="114" count="1" type="stmt"/>
        <line num="125" count="1" type="stmt"/>
        <line num="132" count="1" type="stmt"/>
        <line num="139" count="1" type="stmt"/>
        <line num="396" count="1" type="stmt"/>
        <line num="1120" count="1" type="stmt"/>
        <line num="1130" count="1" type="stmt"/>
        <line num="1140" count="1" type="stmt"/>
        <line num="1154" count="1" type="stmt"/>
        <line num="1174" count="1" type="stmt"/>
        <line num="1190" count="1" type="stmt"/>
        <line num="1211" count="1" type="stmt"/>
        <line num="1228" count="1" type="stmt"/>
        <line num="1247" count="1" type="stmt"/>
        <line num="1265" count="1" type="stmt"/>
        <line num="1284" count="1" type="stmt"/>
        <line num="1292" count="1" type="stmt"/>
        <line num="1300" count="1" type="stmt"/>
        <line num="1308" count="1" type="stmt"/>
        <line num="1316" count="1" type="stmt"/>
        <line num="1562" count="1" type="stmt"/>
      </file>
    </package>
    <package name="src">
      <metrics statements="11" coveredstatements="9" conditionals="0" coveredconditionals="0" methods="2" coveredmethods="1"/>
      <file name="app.ts" path="/Users/eman2028/Documents/PROJECTS/personalprojects/Jtracker/backend/src/app.ts">
        <metrics statements="11" coveredstatements="9" conditionals="0" coveredconditionals="0" methods="2" coveredmethods="1"/>
        <line num="17" count="1" type="stmt"/>
        <line num="27" count="1" type="stmt"/>
        <line num="31" count="1" type="stmt"/>
        <line num="35" count="1" type="stmt"/>
        <line num="36" count="0" type="stmt"/>
        <line num="37" count="0" type="stmt"/>
        <line num="42" count="1" type="stmt"/>
        <line num="45" count="1" type="stmt"/>
        <line num="49" count="1" type="stmt"/>
        <line num="53" count="1" type="stmt"/>
        <line num="55" count="1" type="stmt"/>
      </file>
    </package>
    <package name="src.lib">
      <metrics statements="1" coveredstatements="1" conditionals="0" coveredconditionals="0" methods="0" coveredmethods="0"/>
      <file name="prisma.ts" path="/Users/eman2028/Documents/PROJECTS/personalprojects/Jtracker/backend/src/lib/prisma.ts">
        <metrics statements="1" coveredstatements="1" conditionals="0" coveredconditionals="0" methods="0" coveredmethods="0"/>
        <line num="11" count="1" type="stmt"/>
      </file>
    </package>
    <package name="src.middleware">
      <metrics statements="6" coveredstatements="0" conditionals="2" coveredconditionals="0" methods="2" coveredmethods="0"/>
      <file name="error-handler.ts" path="/Users/eman2028/Documents/PROJECTS/personalprojects/Jtracker/backend/src/middleware/error-handler.ts">
        <metrics statements="6" coveredstatements="0" conditionals="2" coveredconditionals="0" methods="2" coveredmethods="0"/>
        <line num="21" count="0" type="stmt"/>
        <line num="24" count="0" type="cond" truecount="0" falsecount="2"/>
        <line num="25" count="0" type="stmt"/>
        <line num="26" count="0" type="stmt"/>
        <line num="31" count="0" type="stmt"/>
        <line num="36" count="0" type="stmt"/>
      </file>
    </package>
    <package name="src.modules.companies">
      <metrics statements="28" coveredstatements="6" conditionals="10" coveredconditionals="0" methods="7" coveredmethods="0"/>
      <file name="company.routes.ts" path="/Users/eman2028/Documents/PROJECTS/personalprojects/Jtracker/backend/src/modules/companies/company.routes.ts">
        <metrics statements="21" coveredstatements="4" conditionals="6" coveredconditionals="0" methods="3" coveredmethods="0"/>
        <line num="14" count="1" type="stmt"/>
        <line num="16" count="1" type="stmt"/>
        <line num="18" count="0" type="stmt"/>
        <line num="20" count="0" type="cond" truecount="0" falsecount="2"/>
        <line num="21" count="0" type="stmt"/>
        <line num="22" count="0" type="stmt"/>
        <line num="25" count="0" type="stmt"/>
        <line num="26" count="0" type="stmt"/>
        <line num="29" count="1" type="stmt"/>
        <line num="30" count="0" type="stmt"/>
        <line num="32" count="0" type="cond" truecount="0" falsecount="2"/>
        <line num="33" count="0" type="stmt"/>
        <line num="34" count="0" type="stmt"/>
        <line num="37" count="0" type="stmt"/>
        <line num="40" count="1" type="stmt"/>
        <line num="41" count="0" type="stmt"/>
        <line num="43" count="0" type="cond" truecount="0" falsecount="2"/>
        <line num="44" count="0" type="stmt"/>
        <line num="45" count="0" type="stmt"/>
        <line num="48" count="0" type="stmt"/>
        <line num="49" count="0" type="stmt"/>
      </file>
      <file name="company.service.ts" path="/Users/eman2028/Documents/PROJECTS/personalprojects/Jtracker/backend/src/modules/companies/company.service.ts">
        <metrics statements="4" coveredstatements="0" conditionals="2" coveredconditionals="0" methods="3" coveredmethods="0"/>
        <line num="20" count="0" type="stmt"/>
        <line num="22" count="0" type="stmt"/>
        <line num="33" count="0" type="stmt"/>
        <line num="47" count="0" type="stmt"/>
      </file>
      <file name="company.validation.ts" path="/Users/eman2028/Documents/PROJECTS/personalprojects/Jtracker/backend/src/modules/companies/company.validation.ts">
        <metrics statements="3" coveredstatements="2" conditionals="2" coveredconditionals="0" methods="1" coveredmethods="0"/>
        <line num="18" count="1" type="stmt"/>
        <line num="32" count="1" type="stmt"/>
        <line num="43" count="0" type="cond" truecount="0" falsecount="2"/>
      </file>
    </package>
    <package name="src.modules.opportunities">
      <metrics statements="36" coveredstatements="35" conditionals="14" coveredconditionals="13" methods="9" coveredmethods="8"/>
      <file name="opportunity.routes.ts" path="/Users/eman2028/Documents/PROJECTS/personalprojects/Jtracker/backend/src/modules/opportunities/opportunity.routes.ts">
        <metrics statements="25" coveredstatements="25" conditionals="8" coveredconditionals="8" methods="3" coveredmethods="3"/>
        <line num="22" count="1" type="stmt"/>
        <line num="24" count="1" type="stmt"/>
        <line num="26" count="20" type="stmt"/>
        <line num="28" count="20" type="cond" truecount="2" falsecount="0"/>
        <line num="29" count="5" type="stmt"/>
        <line num="30" count="5" type="stmt"/>
        <line num="33" count="15" type="stmt"/>
        <line num="34" count="15" type="stmt"/>
        <line num="37" count="1" type="stmt"/>
        <line num="38" count="4" type="stmt"/>
        <line num="40" count="4" type="cond" truecount="2" falsecount="0"/>
        <line num="41" count="1" type="stmt"/>
        <line num="42" count="1" type="stmt"/>
        <line num="45" count="3" type="stmt"/>
        <line num="47" count="3" type="cond" truecount="2" falsecount="0"/>
        <line num="48" count="1" type="stmt"/>
        <line num="49" count="1" type="stmt"/>
        <line num="52" count="2" type="stmt"/>
        <line num="55" count="1" type="stmt"/>
        <line num="56" count="34" type="stmt"/>
        <line num="58" count="34" type="cond" truecount="2" falsecount="0"/>
        <line num="59" count="3" type="stmt"/>
        <line num="60" count="3" type="stmt"/>
        <line num="63" count="31" type="stmt"/>
        <line num="64" count="31" type="stmt"/>
      </file>
      <file name="opportunity.service.ts" path="/Users/eman2028/Documents/PROJECTS/personalprojects/Jtracker/backend/src/modules/opportunities/opportunity.service.ts">
        <metrics statements="5" coveredstatements="5" conditionals="4" coveredconditionals="4" methods="3" coveredmethods="3"/>
        <line num="25" count="1" type="stmt"/>
        <line num="39" count="15" type="stmt"/>
        <line num="41" count="15" type="stmt"/>
        <line num="68" count="3" type="stmt"/>
        <line num="88" count="31" type="stmt"/>
      </file>
      <file name="opportunity.validation.ts" path="/Users/eman2028/Documents/PROJECTS/personalprojects/Jtracker/backend/src/modules/opportunities/opportunity.validation.ts">
        <metrics statements="6" coveredstatements="5" conditionals="2" coveredconditionals="1" methods="3" coveredmethods="2"/>
        <line num="16" count="1" type="stmt"/>
        <line num="38" count="0" type="stmt"/>
        <line num="50" count="1" type="stmt"/>
        <line num="61" count="12" type="cond" truecount="1" falsecount="1"/>
        <line num="75" count="19" type="stmt"/>
        <line num="82" count="1" type="stmt"/>
      </file>
    </package>
  </project>
</coverage>
