{"/Users/eman2028/Documents/PROJECTS/personalprojects/Jtracker/backend/generated/prisma/client.ts": {"path":"/Users/eman2028/Documents/PROJECTS/personalprojects/Jtracker/backend/generated/prisma/client.ts","statementMap":{"0":{"start":{"line":14,"column":18},"end":{"line":14,"column":null}},"1":{"start":{"line":35,"column":28},"end":{"line":35,"column":null}},"2":{"start":{"line":41,"column":0},"end":{"line":41,"column":null}},"3":{"start":{"line":42,"column":0},"end":{"line":42,"column":null}},"4":{"start":{"line":91,"column":31},"end":{"line":91,"column":null}},"5":{"start":{"line":94,"column":24},"end":{"line":94,"column":null}},"6":{"start":{"line":97,"column":24},"end":{"line":97,"column":null}},"7":{"start":{"line":100,"column":27},"end":{"line":100,"column":null}},"8":{"start":{"line":103,"column":32},"end":{"line":103,"column":null}},"9":{"start":{"line":106,"column":35},"end":{"line":106,"column":null}},"10":{"start":{"line":109,"column":33},"end":{"line":109,"column":null}},"11":{"start":{"line":112,"column":25},"end":{"line":112,"column":null}},"12":{"start":{"line":115,"column":27},"end":{"line":115,"column":null}},"13":{"start":{"line":118,"column":26},"end":{"line":118,"column":null}}},"fnMap":{},"branchMap":{},"s":{"0":1,"1":1,"2":1,"3":1,"4":1,"5":1,"6":1,"7":1,"8":1,"9":1,"10":1,"11":1,"12":1,"13":1},"f":{},"b":{},"meta":{"lastBranch":0,"lastFunction":0,"lastStatement":14,"seen":{"s:14:18:14:Infinity":0,"s:35:28:35:Infinity":1,"s:41:0:41:Infinity":2,"s:42:0:42:Infinity":3,"s:91:31:91:Infinity":4,"s:94:24:94:Infinity":5,"s:97:24:97:Infinity":6,"s:100:27:100:Infinity":7,"s:103:32:103:Infinity":8,"s:106:35:106:Infinity":9,"s:109:33:109:Infinity":10,"s:112:25:112:Infinity":11,"s:115:27:115:Infinity":12,"s:118:26:118:Infinity":13},"fnNames":{}}}
,"/Users/eman2028/Documents/PROJECTS/personalprojects/Jtracker/backend/generated/prisma/enums.ts": {"path":"/Users/eman2028/Documents/PROJECTS/personalprojects/Jtracker/backend/generated/prisma/enums.ts","statementMap":{"0":{"start":{"line":10,"column":31},"end":{"line":18,"column":null}},"1":{"start":{"line":23,"column":24},"end":{"line":27,"column":null}},"2":{"start":{"line":32,"column":24},"end":{"line":35,"column":null}},"3":{"start":{"line":40,"column":27},"end":{"line":45,"column":null}},"4":{"start":{"line":50,"column":32},"end":{"line":55,"column":null}},"5":{"start":{"line":60,"column":35},"end":{"line":67,"column":null}},"6":{"start":{"line":72,"column":33},"end":{"line":81,"column":null}},"7":{"start":{"line":86,"column":25},"end":{"line":90,"column":null}},"8":{"start":{"line":95,"column":27},"end":{"line":100,"column":null}},"9":{"start":{"line":105,"column":26},"end":{"line":109,"column":null}}},"fnMap":{},"branchMap":{},"s":{"0":1,"1":1,"2":1,"3":1,"4":1,"5":1,"6":1,"7":1,"8":1,"9":1},"f":{},"b":{},"meta":{"lastBranch":0,"lastFunction":0,"lastStatement":10,"seen":{"s:10:31:18:Infinity":0,"s:23:24:27:Infinity":1,"s:32:24:35:Infinity":2,"s:40:27:45:Infinity":3,"s:50:32:55:Infinity":4,"s:60:35:67:Infinity":5,"s:72:33:81:Infinity":6,"s:86:25:90:Infinity":7,"s:95:27:100:Infinity":8,"s:105:26:109:Infinity":9},"fnNames":{}}}
,"/Users/eman2028/Documents/PROJECTS/personalprojects/Jtracker/backend/generated/prisma/internal/class.ts": {"path":"/Users/eman2028/Documents/PROJECTS/personalprojects/Jtracker/backend/generated/prisma/internal/class.ts","statementMap":{"0":{"start":{"line":17,"column":46},"end":{"line":66,"column":null}},"1":{"start":{"line":68,"column":0},"end":{"line":68,"column":null}},"2":{"start":{"line":69,"column":0},"end":{"line":69,"column":null}},"3":{"start":{"line":70,"column":0},"end":{"line":70,"column":null}},"4":{"start":{"line":301,"column":2},"end":{"line":301,"column":null}},"5":{"start":{"line":302,"column":2},"end":{"line":302,"column":null}}},"fnMap":{"0":{"name":"getPrismaClientClass","decl":{"start":{"line":300,"column":16},"end":{"line":300,"column":37}},"loc":{"start":{"line":300,"column":79},"end":{"line":303,"column":null}},"line":300}},"branchMap":{},"s":{"0":1,"1":1,"2":1,"3":1,"4":1,"5":1},"f":{"0":1},"b":{},"meta":{"lastBranch":0,"lastFunction":1,"lastStatement":6,"seen":{"s:17:46:66:Infinity":0,"s:68:0:68:Infinity":1,"s:69:0:69:Infinity":2,"s:70:0:70:Infinity":3,"f:300:16:300:37":0,"s:301:2:301:Infinity":4,"s:302:2:302:Infinity":5},"fnNames":{}}}
,"/Users/eman2028/Documents/PROJECTS/personalprojects/Jtracker/backend/generated/prisma/internal/prismaNamespace.ts": {"path":"/Users/eman2028/Documents/PROJECTS/personalprojects/Jtracker/backend/generated/prisma/internal/prismaNamespace.ts","statementMap":{"0":{"start":{"line":30,"column":25},"end":{"line":30,"column":null}},"1":{"start":{"line":36,"column":45},"end":{"line":36,"column":null}},"2":{"start":{"line":39,"column":47},"end":{"line":39,"column":null}},"3":{"start":{"line":42,"column":42},"end":{"line":42,"column":null}},"4":{"start":{"line":45,"column":47},"end":{"line":45,"column":null}},"5":{"start":{"line":48,"column":43},"end":{"line":48,"column":null}},"6":{"start":{"line":54,"column":19},"end":{"line":54,"column":null}},"7":{"start":{"line":55,"column":21},"end":{"line":55,"column":null}},"8":{"start":{"line":56,"column":20},"end":{"line":56,"column":null}},"9":{"start":{"line":57,"column":19},"end":{"line":57,"column":null}},"10":{"start":{"line":58,"column":19},"end":{"line":58,"column":null}},"11":{"start":{"line":66,"column":23},"end":{"line":66,"column":null}},"12":{"start":{"line":83,"column":35},"end":{"line":83,"column":null}},"13":{"start":{"line":98,"column":44},"end":{"line":101,"column":null}},"14":{"start":{"line":114,"column":25},"end":{"line":118,"column":null}},"15":{"start":{"line":125,"column":22},"end":{"line":125,"column":null}},"16":{"start":{"line":132,"column":24},"end":{"line":132,"column":null}},"17":{"start":{"line":139,"column":23},"end":{"line":139,"column":null}},"18":{"start":{"line":396,"column":25},"end":{"line":406,"column":null}},"19":{"start":{"line":1120,"column":41},"end":{"line":1125,"column":null}},"20":{"start":{"line":1130,"column":35},"end":{"line":1135,"column":null}},"21":{"start":{"line":1140,"column":38},"end":{"line":1149,"column":null}},"22":{"start":{"line":1154,"column":42},"end":{"line":1169,"column":null}},"23":{"start":{"line":1174,"column":37},"end":{"line":1185,"column":null}},"24":{"start":{"line":1190,"column":38},"end":{"line":1206,"column":null}},"25":{"start":{"line":1211,"column":42},"end":{"line":1223,"column":null}},"26":{"start":{"line":1228,"column":42},"end":{"line":1242,"column":null}},"27":{"start":{"line":1247,"column":45},"end":{"line":1260,"column":null}},"28":{"start":{"line":1265,"column":36},"end":{"line":1279,"column":null}},"29":{"start":{"line":1284,"column":25},"end":{"line":1287,"column":null}},"30":{"start":{"line":1292,"column":42},"end":{"line":1295,"column":null}},"31":{"start":{"line":1300,"column":25},"end":{"line":1303,"column":null}},"32":{"start":{"line":1308,"column":26},"end":{"line":1311,"column":null}},"33":{"start":{"line":1316,"column":35},"end":{"line":1320,"column":null}},"34":{"start":{"line":1562,"column":31},"end":{"line":1562,"column":null}}},"fnMap":{},"branchMap":{},"s":{"0":1,"1":1,"2":1,"3":1,"4":1,"5":1,"6":1,"7":1,"8":1,"9":1,"10":1,"11":1,"12":1,"13":1,"14":1,"15":1,"16":1,"17":1,"18":1,"19":1,"20":1,"21":1,"22":1,"23":1,"24":1,"25":1,"26":1,"27":1,"28":1,"29":1,"30":1,"31":1,"32":1,"33":1,"34":1},"f":{},"b":{},"meta":{"lastBranch":0,"lastFunction":0,"lastStatement":35,"seen":{"s:30:25:30:Infinity":0,"s:36:45:36:Infinity":1,"s:39:47:39:Infinity":2,"s:42:42:42:Infinity":3,"s:45:47:45:Infinity":4,"s:48:43:48:Infinity":5,"s:54:19:54:Infinity":6,"s:55:21:55:Infinity":7,"s:56:20:56:Infinity":8,"s:57:19:57:Infinity":9,"s:58:19:58:Infinity":10,"s:66:23:66:Infinity":11,"s:83:35:83:Infinity":12,"s:98:44:101:Infinity":13,"s:114:25:118:Infinity":14,"s:125:22:125:Infinity":15,"s:132:24:132:Infinity":16,"s:139:23:139:Infinity":17,"s:396:25:406:Infinity":18,"s:1120:41:1125:Infinity":19,"s:1130:35:1135:Infinity":20,"s:1140:38:1149:Infinity":21,"s:1154:42:1169:Infinity":22,"s:1174:37:1185:Infinity":23,"s:1190:38:1206:Infinity":24,"s:1211:42:1223:Infinity":25,"s:1228:42:1242:Infinity":26,"s:1247:45:1260:Infinity":27,"s:1265:36:1279:Infinity":28,"s:1284:25:1287:Infinity":29,"s:1292:42:1295:Infinity":30,"s:1300:25:1303:Infinity":31,"s:1308:26:1311:Infinity":32,"s:1316:35:1320:Infinity":33,"s:1562:31:1562:Infinity":34},"fnNames":{}}}
,"/Users/eman2028/Documents/PROJECTS/personalprojects/Jtracker/backend/src/app.ts": {"path":"/Users/eman2028/Documents/PROJECTS/personalprojects/Jtracker/backend/src/app.ts","statementMap":{"0":{"start":{"line":17,"column":14},"end":{"line":17,"column":22}},"1":{"start":{"line":27,"column":2},"end":{"line":27,"column":null}},"2":{"start":{"line":31,"column":2},"end":{"line":31,"column":null}},"3":{"start":{"line":35,"column":2},"end":{"line":38,"column":null}},"4":{"start":{"line":36,"column":4},"end":{"line":36,"column":null}},"5":{"start":{"line":37,"column":4},"end":{"line":37,"column":null}},"6":{"start":{"line":42,"column":2},"end":{"line":42,"column":null}},"7":{"start":{"line":45,"column":2},"end":{"line":45,"column":null}},"8":{"start":{"line":49,"column":2},"end":{"line":49,"column":null}},"9":{"start":{"line":53,"column":2},"end":{"line":53,"column":null}},"10":{"start":{"line":55,"column":2},"end":{"line":55,"column":null}}},"fnMap":{"0":{"name":"createApp","decl":{"start":{"line":16,"column":16},"end":{"line":16,"column":28}},"loc":{"start":{"line":16,"column":28},"end":{"line":56,"column":null}},"line":16},"1":{"name":"(anonymous_1)","decl":{"start":{"line":35,"column":15},"end":{"line":35,"column":22}},"loc":{"start":{"line":35,"column":36},"end":{"line":38,"column":3}},"line":35}},"branchMap":{},"s":{"0":1,"1":1,"2":1,"3":1,"4":0,"5":0,"6":1,"7":1,"8":1,"9":1,"10":1},"f":{"0":1,"1":0},"b":{},"meta":{"lastBranch":0,"lastFunction":2,"lastStatement":11,"seen":{"f:16:16:16:28":0,"s:17:14:17:22":0,"s:27:2:27:Infinity":1,"s:31:2:31:Infinity":2,"s:35:2:38:Infinity":3,"f:35:15:35:22":1,"s:36:4:36:Infinity":4,"s:37:4:37:Infinity":5,"s:42:2:42:Infinity":6,"s:45:2:45:Infinity":7,"s:49:2:49:Infinity":8,"s:53:2:53:Infinity":9,"s:55:2:55:Infinity":10},"fnNames":{}}}
,"/Users/eman2028/Documents/PROJECTS/personalprojects/Jtracker/backend/src/lib/prisma.ts": {"path":"/Users/eman2028/Documents/PROJECTS/personalprojects/Jtracker/backend/src/lib/prisma.ts","statementMap":{"0":{"start":{"line":11,"column":22},"end":{"line":11,"column":null}}},"fnMap":{},"branchMap":{},"s":{"0":1},"f":{},"b":{},"meta":{"lastBranch":0,"lastFunction":0,"lastStatement":1,"seen":{"s:11:22:11:Infinity":0},"fnNames":{}}}
,"/Users/eman2028/Documents/PROJECTS/personalprojects/Jtracker/backend/src/middleware/error-handler.ts": {"path":"/Users/eman2028/Documents/PROJECTS/personalprojects/Jtracker/backend/src/middleware/error-handler.ts","statementMap":{"0":{"start":{"line":21,"column":2},"end":{"line":21,"column":null}},"1":{"start":{"line":24,"column":2},"end":{"line":27,"column":null}},"2":{"start":{"line":25,"column":4},"end":{"line":25,"column":null}},"3":{"start":{"line":26,"column":4},"end":{"line":26,"column":null}},"4":{"start":{"line":31,"column":2},"end":{"line":31,"column":null}},"5":{"start":{"line":36,"column":2},"end":{"line":36,"column":null}}},"fnMap":{"0":{"name":"errorHandler","decl":{"start":{"line":14,"column":16},"end":{"line":14,"column":null}},"loc":{"start":{"line":19,"column":2},"end":{"line":32,"column":null}},"line":19},"1":{"name":"notFoundHandler","decl":{"start":{"line":35,"column":16},"end":{"line":35,"column":32}},"loc":{"start":{"line":35,"column":61},"end":{"line":37,"column":null}},"line":35}},"branchMap":{"0":{"loc":{"start":{"line":24,"column":2},"end":{"line":27,"column":null}},"type":"if","locations":[{"start":{"line":24,"column":2},"end":{"line":27,"column":null}},{"start":{},"end":{}}],"line":24}},"s":{"0":0,"1":0,"2":0,"3":0,"4":0,"5":0},"f":{"0":0,"1":0},"b":{"0":[0,0]},"meta":{"lastBranch":1,"lastFunction":2,"lastStatement":6,"seen":{"f:14:16:14:Infinity":0,"s:21:2:21:Infinity":0,"b:24:2:27:Infinity:undefined:undefined:undefined:undefined":0,"s:24:2:27:Infinity":1,"s:25:4:25:Infinity":2,"s:26:4:26:Infinity":3,"s:31:2:31:Infinity":4,"f:35:16:35:32":1,"s:36:2:36:Infinity":5},"fnNames":{}}}
,"/Users/eman2028/Documents/PROJECTS/personalprojects/Jtracker/backend/src/modules/companies/company.routes.ts": {"path":"/Users/eman2028/Documents/PROJECTS/personalprojects/Jtracker/backend/src/modules/companies/company.routes.ts","statementMap":{"0":{"start":{"line":14,"column":29},"end":{"line":14,"column":36}},"1":{"start":{"line":16,"column":0},"end":{"line":27,"column":null}},"2":{"start":{"line":18,"column":17},"end":{"line":18,"column":null}},"3":{"start":{"line":20,"column":2},"end":{"line":23,"column":null}},"4":{"start":{"line":21,"column":4},"end":{"line":21,"column":null}},"5":{"start":{"line":22,"column":4},"end":{"line":22,"column":null}},"6":{"start":{"line":25,"column":20},"end":{"line":25,"column":null}},"7":{"start":{"line":26,"column":2},"end":{"line":26,"column":null}},"8":{"start":{"line":29,"column":0},"end":{"line":38,"column":null}},"9":{"start":{"line":30,"column":18},"end":{"line":30,"column":null}},"10":{"start":{"line":32,"column":2},"end":{"line":35,"column":null}},"11":{"start":{"line":33,"column":4},"end":{"line":33,"column":null}},"12":{"start":{"line":34,"column":4},"end":{"line":34,"column":null}},"13":{"start":{"line":37,"column":2},"end":{"line":37,"column":null}},"14":{"start":{"line":40,"column":0},"end":{"line":50,"column":null}},"15":{"start":{"line":41,"column":17},"end":{"line":41,"column":null}},"16":{"start":{"line":43,"column":2},"end":{"line":46,"column":null}},"17":{"start":{"line":44,"column":4},"end":{"line":44,"column":null}},"18":{"start":{"line":45,"column":4},"end":{"line":45,"column":null}},"19":{"start":{"line":48,"column":18},"end":{"line":48,"column":null}},"20":{"start":{"line":49,"column":2},"end":{"line":49,"column":null}}},"fnMap":{"0":{"name":"(anonymous_0)","decl":{"start":{"line":16,"column":23},"end":{"line":16,"column":30}},"loc":{"start":{"line":16,"column":43},"end":{"line":27,"column":1}},"line":16},"1":{"name":"(anonymous_1)","decl":{"start":{"line":29,"column":26},"end":{"line":29,"column":33}},"loc":{"start":{"line":29,"column":46},"end":{"line":38,"column":1}},"line":29},"2":{"name":"(anonymous_2)","decl":{"start":{"line":40,"column":24},"end":{"line":40,"column":31}},"loc":{"start":{"line":40,"column":44},"end":{"line":50,"column":1}},"line":40}},"branchMap":{"0":{"loc":{"start":{"line":20,"column":2},"end":{"line":23,"column":null}},"type":"if","locations":[{"start":{"line":20,"column":2},"end":{"line":23,"column":null}},{"start":{},"end":{}}],"line":20},"1":{"loc":{"start":{"line":32,"column":2},"end":{"line":35,"column":null}},"type":"if","locations":[{"start":{"line":32,"column":2},"end":{"line":35,"column":null}},{"start":{},"end":{}}],"line":32},"2":{"loc":{"start":{"line":43,"column":2},"end":{"line":46,"column":null}},"type":"if","locations":[{"start":{"line":43,"column":2},"end":{"line":46,"column":null}},{"start":{},"end":{}}],"line":43}},"s":{"0":1,"1":1,"2":0,"3":0,"4":0,"5":0,"6":0,"7":0,"8":1,"9":0,"10":0,"11":0,"12":0,"13":0,"14":1,"15":0,"16":0,"17":0,"18":0,"19":0,"20":0},"f":{"0":0,"1":0,"2":0},"b":{"0":[0,0],"1":[0,0],"2":[0,0]},"meta":{"lastBranch":3,"lastFunction":3,"lastStatement":21,"seen":{"s:14:29:14:36":0,"s:16:0:27:Infinity":1,"f:16:23:16:30":0,"s:18:17:18:Infinity":2,"b:20:2:23:Infinity:undefined:undefined:undefined:undefined":0,"s:20:2:23:Infinity":3,"s:21:4:21:Infinity":4,"s:22:4:22:Infinity":5,"s:25:20:25:Infinity":6,"s:26:2:26:Infinity":7,"s:29:0:38:Infinity":8,"f:29:26:29:33":1,"s:30:18:30:Infinity":9,"b:32:2:35:Infinity:undefined:undefined:undefined:undefined":1,"s:32:2:35:Infinity":10,"s:33:4:33:Infinity":11,"s:34:4:34:Infinity":12,"s:37:2:37:Infinity":13,"s:40:0:50:Infinity":14,"f:40:24:40:31":2,"s:41:17:41:Infinity":15,"b:43:2:46:Infinity:undefined:undefined:undefined:undefined":2,"s:43:2:46:Infinity":16,"s:44:4:44:Infinity":17,"s:45:4:45:Infinity":18,"s:48:18:48:Infinity":19,"s:49:2:49:Infinity":20},"fnNames":{}}}
,"/Users/eman2028/Documents/PROJECTS/personalprojects/Jtracker/backend/src/modules/companies/company.service.ts": {"path":"/Users/eman2028/Documents/PROJECTS/personalprojects/Jtracker/backend/src/modules/companies/company.service.ts","statementMap":{"0":{"start":{"line":20,"column":8},"end":{"line":20,"column":null}},"1":{"start":{"line":22,"column":2},"end":{"line":29,"column":null}},"2":{"start":{"line":33,"column":2},"end":{"line":37,"column":null}},"3":{"start":{"line":47,"column":2},"end":{"line":47,"column":null}}},"fnMap":{"0":{"name":"listCompanies","decl":{"start":{"line":19,"column":16},"end":{"line":19,"column":30}},"loc":{"start":{"line":19,"column":72},"end":{"line":30,"column":null}},"line":19},"1":{"name":"findCompany","decl":{"start":{"line":32,"column":16},"end":{"line":32,"column":28}},"loc":{"start":{"line":32,"column":40},"end":{"line":38,"column":null}},"line":32},"2":{"name":"createCompany","decl":{"start":{"line":40,"column":16},"end":{"line":40,"column":30}},"loc":{"start":{"line":46,"column":3},"end":{"line":48,"column":null}},"line":46}},"branchMap":{"0":{"loc":{"start":{"line":25,"column":11},"end":{"line":25,"column":null}},"type":"cond-expr","locations":[{"start":{"line":25,"column":15},"end":{"line":25,"column":64}},{"start":{"line":25,"column":64},"end":{"line":25,"column":null}}],"line":25}},"s":{"0":0,"1":0,"2":0,"3":0},"f":{"0":0,"1":0,"2":0},"b":{"0":[0,0]},"meta":{"lastBranch":1,"lastFunction":3,"lastStatement":4,"seen":{"f:19:16:19:30":0,"s:20:8:20:Infinity":0,"s:22:2:29:Infinity":1,"b:25:15:25:64:25:64:25:Infinity":0,"f:32:16:32:28":1,"s:33:2:37:Infinity":2,"f:40:16:40:30":2,"s:47:2:47:Infinity":3},"fnNames":{}}}
,"/Users/eman2028/Documents/PROJECTS/personalprojects/Jtracker/backend/src/modules/companies/company.validation.ts": {"path":"/Users/eman2028/Documents/PROJECTS/personalprojects/Jtracker/backend/src/modules/companies/company.validation.ts","statementMap":{"0":{"start":{"line":18,"column":31},"end":{"line":24,"column":null}},"1":{"start":{"line":32,"column":33},"end":{"line":45,"column":null}},"2":{"start":{"line":43,"column":27},"end":{"line":43,"column":60}}},"fnMap":{"0":{"name":"(anonymous_0)","decl":{"start":{"line":43,"column":5},"end":{"line":43,"column":16}},"loc":{"start":{"line":43,"column":27},"end":{"line":43,"column":60}},"line":43}},"branchMap":{"0":{"loc":{"start":{"line":43,"column":27},"end":{"line":43,"column":60}},"type":"cond-expr","locations":[{"start":{"line":43,"column":42},"end":{"line":43,"column":54}},{"start":{"line":43,"column":54},"end":{"line":43,"column":60}}],"line":43}},"s":{"0":1,"1":1,"2":0},"f":{"0":0},"b":{"0":[0,0]},"meta":{"lastBranch":1,"lastFunction":1,"lastStatement":3,"seen":{"s:18:31:24:Infinity":0,"s:32:33:45:Infinity":1,"f:43:5:43:16":0,"s:43:27:43:60":2,"b:43:42:43:54:43:54:43:60":0},"fnNames":{}}}
,"/Users/eman2028/Documents/PROJECTS/personalprojects/Jtracker/backend/src/modules/opportunities/opportunity.routes.ts": {"path":"/Users/eman2028/Documents/PROJECTS/personalprojects/Jtracker/backend/src/modules/opportunities/opportunity.routes.ts","statementMap":{"0":{"start":{"line":22,"column":33},"end":{"line":22,"column":40}},"1":{"start":{"line":24,"column":0},"end":{"line":35,"column":null}},"2":{"start":{"line":26,"column":17},"end":{"line":26,"column":null}},"3":{"start":{"line":28,"column":2},"end":{"line":31,"column":null}},"4":{"start":{"line":29,"column":4},"end":{"line":29,"column":null}},"5":{"start":{"line":30,"column":4},"end":{"line":30,"column":null}},"6":{"start":{"line":33,"column":24},"end":{"line":33,"column":null}},"7":{"start":{"line":34,"column":2},"end":{"line":34,"column":null}},"8":{"start":{"line":37,"column":0},"end":{"line":53,"column":null}},"9":{"start":{"line":38,"column":13},"end":{"line":38,"column":null}},"10":{"start":{"line":40,"column":2},"end":{"line":43,"column":null}},"11":{"start":{"line":41,"column":4},"end":{"line":41,"column":null}},"12":{"start":{"line":42,"column":4},"end":{"line":42,"column":null}},"13":{"start":{"line":45,"column":22},"end":{"line":45,"column":null}},"14":{"start":{"line":47,"column":2},"end":{"line":50,"column":null}},"15":{"start":{"line":48,"column":4},"end":{"line":48,"column":null}},"16":{"start":{"line":49,"column":4},"end":{"line":49,"column":null}},"17":{"start":{"line":52,"column":2},"end":{"line":52,"column":null}},"18":{"start":{"line":55,"column":0},"end":{"line":65,"column":null}},"19":{"start":{"line":56,"column":17},"end":{"line":56,"column":null}},"20":{"start":{"line":58,"column":2},"end":{"line":61,"column":null}},"21":{"start":{"line":59,"column":4},"end":{"line":59,"column":null}},"22":{"start":{"line":60,"column":4},"end":{"line":60,"column":null}},"23":{"start":{"line":63,"column":22},"end":{"line":63,"column":null}},"24":{"start":{"line":64,"column":2},"end":{"line":64,"column":null}}},"fnMap":{"0":{"name":"(anonymous_0)","decl":{"start":{"line":24,"column":27},"end":{"line":24,"column":34}},"loc":{"start":{"line":24,"column":47},"end":{"line":35,"column":1}},"line":24},"1":{"name":"(anonymous_1)","decl":{"start":{"line":37,"column":30},"end":{"line":37,"column":37}},"loc":{"start":{"line":37,"column":50},"end":{"line":53,"column":1}},"line":37},"2":{"name":"(anonymous_2)","decl":{"start":{"line":55,"column":28},"end":{"line":55,"column":35}},"loc":{"start":{"line":55,"column":48},"end":{"line":65,"column":1}},"line":55}},"branchMap":{"0":{"loc":{"start":{"line":28,"column":2},"end":{"line":31,"column":null}},"type":"if","locations":[{"start":{"line":28,"column":2},"end":{"line":31,"column":null}},{"start":{},"end":{}}],"line":28},"1":{"loc":{"start":{"line":40,"column":2},"end":{"line":43,"column":null}},"type":"if","locations":[{"start":{"line":40,"column":2},"end":{"line":43,"column":null}},{"start":{},"end":{}}],"line":40},"2":{"loc":{"start":{"line":47,"column":2},"end":{"line":50,"column":null}},"type":"if","locations":[{"start":{"line":47,"column":2},"end":{"line":50,"column":null}},{"start":{},"end":{}}],"line":47},"3":{"loc":{"start":{"line":58,"column":2},"end":{"line":61,"column":null}},"type":"if","locations":[{"start":{"line":58,"column":2},"end":{"line":61,"column":null}},{"start":{},"end":{}}],"line":58}},"s":{"0":1,"1":1,"2":20,"3":20,"4":5,"5":5,"6":15,"7":15,"8":1,"9":4,"10":4,"11":1,"12":1,"13":3,"14":3,"15":1,"16":1,"17":2,"18":1,"19":34,"20":34,"21":3,"22":3,"23":31,"24":31},"f":{"0":20,"1":4,"2":34},"b":{"0":[5,15],"1":[1,3],"2":[1,2],"3":[3,31]},"meta":{"lastBranch":4,"lastFunction":3,"lastStatement":25,"seen":{"s:22:33:22:40":0,"s:24:0:35:Infinity":1,"f:24:27:24:34":0,"s:26:17:26:Infinity":2,"b:28:2:31:Infinity:undefined:undefined:undefined:undefined":0,"s:28:2:31:Infinity":3,"s:29:4:29:Infinity":4,"s:30:4:30:Infinity":5,"s:33:24:33:Infinity":6,"s:34:2:34:Infinity":7,"s:37:0:53:Infinity":8,"f:37:30:37:37":1,"s:38:13:38:Infinity":9,"b:40:2:43:Infinity:undefined:undefined:undefined:undefined":1,"s:40:2:43:Infinity":10,"s:41:4:41:Infinity":11,"s:42:4:42:Infinity":12,"s:45:22:45:Infinity":13,"b:47:2:50:Infinity:undefined:undefined:undefined:undefined":2,"s:47:2:50:Infinity":14,"s:48:4:48:Infinity":15,"s:49:4:49:Infinity":16,"s:52:2:52:Infinity":17,"s:55:0:65:Infinity":18,"f:55:28:55:35":2,"s:56:17:56:Infinity":19,"b:58:2:61:Infinity:undefined:undefined:undefined:undefined":3,"s:58:2:61:Infinity":20,"s:59:4:59:Infinity":21,"s:60:4:60:Infinity":22,"s:63:22:63:Infinity":23,"s:64:2:64:Infinity":24},"fnNames":{}}}
,"/Users/eman2028/Documents/PROJECTS/personalprojects/Jtracker/backend/src/modules/opportunities/opportunity.service.ts": {"path":"/Users/eman2028/Documents/PROJECTS/personalprojects/Jtracker/backend/src/modules/opportunities/opportunity.service.ts","statementMap":{"0":{"start":{"line":25,"column":23},"end":{"line":27,"column":null}},"1":{"start":{"line":39,"column":8},"end":{"line":39,"column":null}},"2":{"start":{"line":41,"column":2},"end":{"line":64,"column":null}},"3":{"start":{"line":68,"column":2},"end":{"line":73,"column":null}},"4":{"start":{"line":88,"column":2},"end":{"line":88,"column":null}}},"fnMap":{"0":{"name":"listOpportunities","decl":{"start":{"line":29,"column":16},"end":{"line":29,"column":34}},"loc":{"start":{"line":38,"column":29},"end":{"line":65,"column":null}},"line":38},"1":{"name":"findOpportunity","decl":{"start":{"line":67,"column":16},"end":{"line":67,"column":32}},"loc":{"start":{"line":67,"column":44},"end":{"line":74,"column":null}},"line":67},"2":{"name":"createOpportunity","decl":{"start":{"line":76,"column":16},"end":{"line":76,"column":34}},"loc":{"start":{"line":87,"column":3},"end":{"line":89,"column":null}},"line":87}},"branchMap":{"0":{"loc":{"start":{"line":49,"column":13},"end":{"line":49,"column":null}},"type":"cond-expr","locations":[{"start":{"line":49,"column":17},"end":{"line":49,"column":56}},{"start":{"line":49,"column":56},"end":{"line":49,"column":null}}],"line":49},"1":{"loc":{"start":{"line":53,"column":16},"end":{"line":53,"column":null}},"type":"cond-expr","locations":[{"start":{"line":53,"column":27},"end":{"line":53,"column":73}},{"start":{"line":53,"column":73},"end":{"line":53,"column":null}}],"line":53}},"s":{"0":1,"1":15,"2":15,"3":3,"4":31},"f":{"0":15,"1":3,"2":31},"b":{"0":[12,3],"1":[1,14]},"meta":{"lastBranch":2,"lastFunction":3,"lastStatement":5,"seen":{"s:25:23:27:Infinity":0,"f:29:16:29:34":0,"s:39:8:39:Infinity":1,"s:41:2:64:Infinity":2,"b:49:17:49:56:49:56:49:Infinity":0,"b:53:27:53:73:53:73:53:Infinity":1,"f:67:16:67:32":1,"s:68:2:73:Infinity":3,"f:76:16:76:34":2,"s:88:2:88:Infinity":4},"fnNames":{}}}
,"/Users/eman2028/Documents/PROJECTS/personalprojects/Jtracker/backend/src/modules/opportunities/opportunity.validation.ts": {"path":"/Users/eman2028/Documents/PROJECTS/personalprojects/Jtracker/backend/src/modules/opportunities/opportunity.validation.ts","statementMap":{"0":{"start":{"line":16,"column":35},"end":{"line":42,"column":null}},"1":{"start":{"line":38,"column":23},"end":{"line":38,"column":61}},"2":{"start":{"line":50,"column":37},"end":{"line":76,"column":null}},"3":{"start":{"line":61,"column":27},"end":{"line":61,"column":60}},"4":{"start":{"line":75,"column":26},"end":{"line":75,"column":42}},"5":{"start":{"line":82,"column":34},"end":{"line":82,"column":null}}},"fnMap":{"0":{"name":"(anonymous_0)","decl":{"start":{"line":38,"column":5},"end":{"line":38,"column":13}},"loc":{"start":{"line":38,"column":23},"end":{"line":38,"column":61}},"line":38},"1":{"name":"(anonymous_1)","decl":{"start":{"line":61,"column":5},"end":{"line":61,"column":16}},"loc":{"start":{"line":61,"column":27},"end":{"line":61,"column":60}},"line":61},"2":{"name":"(anonymous_2)","decl":{"start":{"line":75,"column":5},"end":{"line":75,"column":16}},"loc":{"start":{"line":75,"column":26},"end":{"line":75,"column":42}},"line":75}},"branchMap":{"0":{"loc":{"start":{"line":61,"column":27},"end":{"line":61,"column":60}},"type":"cond-expr","locations":[{"start":{"line":61,"column":42},"end":{"line":61,"column":54}},{"start":{"line":61,"column":54},"end":{"line":61,"column":60}}],"line":61}},"s":{"0":1,"1":0,"2":1,"3":12,"4":19,"5":1},"f":{"0":0,"1":12,"2":19},"b":{"0":[0,12]},"meta":{"lastBranch":1,"lastFunction":3,"lastStatement":6,"seen":{"s:16:35:42:Infinity":0,"f:38:5:38:13":0,"s:38:23:38:61":1,"s:50:37:76:Infinity":2,"f:61:5:61:16":1,"s:61:27:61:60":3,"b:61:42:61:54:61:54:61:60":0,"f:75:5:75:16":2,"s:75:26:75:42":4,"s:82:34:82:Infinity":5},"fnNames":{}}}
}
